2014-12-12 13:10:20 Notice: Notice (8): Undefined index: birthdate in [/Users/quentinvecchio/Desktop/Cocktails/Web/app/Controller/UsersController.php, line 50]
Trace:
UsersController::signup() - APP/Controller/UsersController.php, line 50
ReflectionMethod::invokeArgs() - [internal], line ??
Controller::invokeAction() - CORE/Cake/Controller/Controller.php, line 490
Dispatcher::_invoke() - CORE/Cake/Routing/Dispatcher.php, line 191
Dispatcher::dispatch() - CORE/Cake/Routing/Dispatcher.php, line 165
[main] - APP/webroot/index.php, line 108

2014-12-12 13:10:25 Notice: Notice (8): Undefined index: birthdate in [/Users/quentinvecchio/Desktop/Cocktails/Web/app/Controller/UsersController.php, line 50]
Trace:
UsersController::signup() - APP/Controller/UsersController.php, line 50
ReflectionMethod::invokeArgs() - [internal], line ??
Controller::invokeAction() - CORE/Cake/Controller/Controller.php, line 490
Dispatcher::_invoke() - CORE/Cake/Routing/Dispatcher.php, line 191
Dispatcher::dispatch() - CORE/Cake/Routing/Dispatcher.php, line 165
[main] - APP/webroot/index.php, line 108

2014-12-12 13:15:11 Notice: Notice (8): Undefined index: birthdate in [/Users/quentinvecchio/Desktop/Cocktails/Web/app/Controller/UsersController.php, line 50]
Trace:
UsersController::signup() - APP/Controller/UsersController.php, line 50
ReflectionMethod::invokeArgs() - [internal], line ??
Controller::invokeAction() - CORE/Cake/Controller/Controller.php, line 490
Dispatcher::_invoke() - CORE/Cake/Routing/Dispatcher.php, line 191
Dispatcher::dispatch() - CORE/Cake/Routing/Dispatcher.php, line 165
[main] - APP/webroot/index.php, line 108

2014-12-12 13:15:22 Notice: Notice (8): Undefined index: birthdate in [/Users/quentinvecchio/Desktop/Cocktails/Web/app/Controller/UsersController.php, line 50]
Trace:
UsersController::signup() - APP/Controller/UsersController.php, line 50
ReflectionMethod::invokeArgs() - [internal], line ??
Controller::invokeAction() - CORE/Cake/Controller/Controller.php, line 490
Dispatcher::_invoke() - CORE/Cake/Routing/Dispatcher.php, line 191
Dispatcher::dispatch() - CORE/Cake/Routing/Dispatcher.php, line 165
[main] - APP/webroot/index.php, line 108

2014-12-12 13:22:26 Notice: Notice (8): Undefined index: birthdate in [/Users/quentinvecchio/Desktop/Cocktails/Web/app/Controller/UsersController.php, line 50]
Trace:
UsersController::signup() - APP/Controller/UsersController.php, line 50
ReflectionMethod::invokeArgs() - [internal], line ??
Controller::invokeAction() - CORE/Cake/Controller/Controller.php, line 490
Dispatcher::_invoke() - CORE/Cake/Routing/Dispatcher.php, line 191
Dispatcher::dispatch() - CORE/Cake/Routing/Dispatcher.php, line 165
[main] - APP/webroot/index.php, line 108

2014-12-12 13:22:28 Notice: Notice (8): Undefined index: birthdate in [/Users/quentinvecchio/Desktop/Cocktails/Web/app/Controller/UsersController.php, line 50]
Trace:
UsersController::signup() - APP/Controller/UsersController.php, line 50
ReflectionMethod::invokeArgs() - [internal], line ??
Controller::invokeAction() - CORE/Cake/Controller/Controller.php, line 490
Dispatcher::_invoke() - CORE/Cake/Routing/Dispatcher.php, line 191
Dispatcher::dispatch() - CORE/Cake/Routing/Dispatcher.php, line 165
[main] - APP/webroot/index.php, line 108

