2014-11-29 16:53:30 Error: [MissingControllerException] Controller class Docs-assetsController could not be found.
Exception Attributes: array (
  'class' => 'Docs-assetsController',
  'plugin' => NULL,
)
Request URL: /docs-assets/ico/favicon.png
Stack Trace:
#0 /Users/quentinvecchio/Desktop/Cocktails/Web/app/webroot/index.php(108): Dispatcher->dispatch(Object(CakeRequest), Object(CakeResponse))
#1 {main}
2014-11-29 16:53:38 Error: [MissingControllerException] Controller class App.phpController could not be found.
Exception Attributes: array (
  'class' => 'App.phpController',
  'plugin' => NULL,
)
Request URL: /app.php
Stack Trace:
#0 /Users/quentinvecchio/Desktop/Cocktails/Web/app/webroot/index.php(108): Dispatcher->dispatch(Object(CakeRequest), Object(CakeResponse))
#1 {main}
2014-11-29 16:53:38 Error: [MissingControllerException] Controller class JsController could not be found.
Exception Attributes: array (
  'class' => 'JsController',
  'plugin' => NULL,
)
Request URL: /js/bootstrap.min.js
Stack Trace:
#0 /Users/quentinvecchio/Desktop/Cocktails/Web/app/webroot/index.php(108): Dispatcher->dispatch(Object(CakeRequest), Object(CakeResponse))
#1 {main}
2014-11-29 16:53:38 Error: [MissingControllerException] Controller class JsController could not be found.
Exception Attributes: array (
  'class' => 'JsController',
  'plugin' => NULL,
)
Request URL: /js/jquery_min.js
Stack Trace:
#0 /Users/quentinvecchio/Desktop/Cocktails/Web/app/webroot/index.php(108): Dispatcher->dispatch(Object(CakeRequest), Object(CakeResponse))
#1 {main}
2014-11-29 16:55:47 Error: [MissingControllerException] Controller class App.phpController could not be found.
Exception Attributes: array (
  'class' => 'App.phpController',
  'plugin' => NULL,
)
Request URL: /app.php
Stack Trace:
#0 /Users/quentinvecchio/Desktop/Cocktails/Web/app/webroot/index.php(108): Dispatcher->dispatch(Object(CakeRequest), Object(CakeResponse))
#1 {main}
2014-11-29 16:55:47 Error: [MissingControllerException] Controller class JsController could not be found.
Exception Attributes: array (
  'class' => 'JsController',
  'plugin' => NULL,
)
Request URL: /js/jquery_min.js
Stack Trace:
#0 /Users/quentinvecchio/Desktop/Cocktails/Web/app/webroot/index.php(108): Dispatcher->dispatch(Object(CakeRequest), Object(CakeResponse))
#1 {main}
2014-11-29 16:55:47 Error: [MissingControllerException] Controller class JsController could not be found.
Exception Attributes: array (
  'class' => 'JsController',
  'plugin' => NULL,
)
Request URL: /js/bootstrap.min.js
Stack Trace:
#0 /Users/quentinvecchio/Desktop/Cocktails/Web/app/webroot/index.php(108): Dispatcher->dispatch(Object(CakeRequest), Object(CakeResponse))
#1 {main}
2014-11-29 16:56:14 Error: [MissingControllerException] Controller class App.phpController could not be found.
Exception Attributes: array (
  'class' => 'App.phpController',
  'plugin' => NULL,
)
Request URL: /app.php
Stack Trace:
#0 /Users/quentinvecchio/Desktop/Cocktails/Web/app/webroot/index.php(108): Dispatcher->dispatch(Object(CakeRequest), Object(CakeResponse))
#1 {main}
2014-11-29 16:56:14 Error: [MissingControllerException] Controller class JsController could not be found.
Exception Attributes: array (
  'class' => 'JsController',
  'plugin' => NULL,
)
Request URL: /js/bootstrap.min.js
Stack Trace:
#0 /Users/quentinvecchio/Desktop/Cocktails/Web/app/webroot/index.php(108): Dispatcher->dispatch(Object(CakeRequest), Object(CakeResponse))
#1 {main}
2014-11-29 16:56:14 Error: [MissingControllerException] Controller class JsController could not be found.
Exception Attributes: array (
  'class' => 'JsController',
  'plugin' => NULL,
)
Request URL: /js/jquery_min.js
Stack Trace:
#0 /Users/quentinvecchio/Desktop/Cocktails/Web/app/webroot/index.php(108): Dispatcher->dispatch(Object(CakeRequest), Object(CakeResponse))
#1 {main}
2014-11-29 16:56:38 Error: [MissingControllerException] Controller class RecettesController could not be found.
Exception Attributes: array (
  'class' => 'RecettesController',
  'plugin' => NULL,
)
Request URL: /recettes
Stack Trace:
#0 /Users/quentinvecchio/Desktop/Cocktails/Web/app/webroot/index.php(108): Dispatcher->dispatch(Object(CakeRequest), Object(CakeResponse))
#1 {main}
2014-11-29 16:56:38 Error: [MissingControllerException] Controller class JsController could not be found.
Exception Attributes: array (
  'class' => 'JsController',
  'plugin' => NULL,
)
Request URL: /js/jquery_min.js
Stack Trace:
#0 /Users/quentinvecchio/Desktop/Cocktails/Web/app/webroot/index.php(108): Dispatcher->dispatch(Object(CakeRequest), Object(CakeResponse))
#1 {main}
2014-11-29 16:56:38 Error: [MissingControllerException] Controller class JsController could not be found.
Exception Attributes: array (
  'class' => 'JsController',
  'plugin' => NULL,
)
Request URL: /js/bootstrap.min.js
Stack Trace:
#0 /Users/quentinvecchio/Desktop/Cocktails/Web/app/webroot/index.php(108): Dispatcher->dispatch(Object(CakeRequest), Object(CakeResponse))
#1 {main}
2014-11-29 16:56:39 Error: [MissingControllerException] Controller class UsersController could not be found.
Exception Attributes: array (
  'class' => 'UsersController',
  'plugin' => NULL,
)
Request URL: /users/register
Stack Trace:
#0 /Users/quentinvecchio/Desktop/Cocktails/Web/app/webroot/index.php(108): Dispatcher->dispatch(Object(CakeRequest), Object(CakeResponse))
#1 {main}
2014-11-29 16:56:39 Error: [MissingControllerException] Controller class JsController could not be found.
Exception Attributes: array (
  'class' => 'JsController',
  'plugin' => NULL,
)
Request URL: /js/jquery_min.js
Stack Trace:
#0 /Users/quentinvecchio/Desktop/Cocktails/Web/app/webroot/index.php(108): Dispatcher->dispatch(Object(CakeRequest), Object(CakeResponse))
#1 {main}
2014-11-29 16:56:39 Error: [MissingControllerException] Controller class JsController could not be found.
Exception Attributes: array (
  'class' => 'JsController',
  'plugin' => NULL,
)
Request URL: /js/bootstrap.min.js
Stack Trace:
#0 /Users/quentinvecchio/Desktop/Cocktails/Web/app/webroot/index.php(108): Dispatcher->dispatch(Object(CakeRequest), Object(CakeResponse))
#1 {main}
2014-11-29 16:56:43 Error: [MissingControllerException] Controller class RecettesController could not be found.
Exception Attributes: array (
  'class' => 'RecettesController',
  'plugin' => NULL,
)
Request URL: /recettes
Stack Trace:
#0 /Users/quentinvecchio/Desktop/Cocktails/Web/app/webroot/index.php(108): Dispatcher->dispatch(Object(CakeRequest), Object(CakeResponse))
#1 {main}
2014-11-29 16:56:43 Error: [MissingControllerException] Controller class JsController could not be found.
Exception Attributes: array (
  'class' => 'JsController',
  'plugin' => NULL,
)
Request URL: /js/bootstrap.min.js
Stack Trace:
#0 /Users/quentinvecchio/Desktop/Cocktails/Web/app/webroot/index.php(108): Dispatcher->dispatch(Object(CakeRequest), Object(CakeResponse))
#1 {main}
2014-11-29 16:56:43 Error: [MissingControllerException] Controller class JsController could not be found.
Exception Attributes: array (
  'class' => 'JsController',
  'plugin' => NULL,
)
Request URL: /js/jquery_min.js
Stack Trace:
#0 /Users/quentinvecchio/Desktop/Cocktails/Web/app/webroot/index.php(108): Dispatcher->dispatch(Object(CakeRequest), Object(CakeResponse))
#1 {main}
2014-11-29 16:56:45 Error: [MissingControllerException] Controller class UsersController could not be found.
Exception Attributes: array (
  'class' => 'UsersController',
  'plugin' => NULL,
)
Request URL: /users/register
Stack Trace:
#0 /Users/quentinvecchio/Desktop/Cocktails/Web/app/webroot/index.php(108): Dispatcher->dispatch(Object(CakeRequest), Object(CakeResponse))
#1 {main}
2014-11-29 16:56:45 Error: [MissingControllerException] Controller class JsController could not be found.
Exception Attributes: array (
  'class' => 'JsController',
  'plugin' => NULL,
)
Request URL: /js/jquery_min.js
Stack Trace:
#0 /Users/quentinvecchio/Desktop/Cocktails/Web/app/webroot/index.php(108): Dispatcher->dispatch(Object(CakeRequest), Object(CakeResponse))
#1 {main}
2014-11-29 16:56:45 Error: [MissingControllerException] Controller class JsController could not be found.
Exception Attributes: array (
  'class' => 'JsController',
  'plugin' => NULL,
)
Request URL: /js/bootstrap.min.js
Stack Trace:
#0 /Users/quentinvecchio/Desktop/Cocktails/Web/app/webroot/index.php(108): Dispatcher->dispatch(Object(CakeRequest), Object(CakeResponse))
#1 {main}
2014-11-29 16:56:50 Error: [MissingControllerException] Controller class RecettesController could not be found.
Exception Attributes: array (
  'class' => 'RecettesController',
  'plugin' => NULL,
)
Request URL: /recettes
Stack Trace:
#0 /Users/quentinvecchio/Desktop/Cocktails/Web/app/webroot/index.php(108): Dispatcher->dispatch(Object(CakeRequest), Object(CakeResponse))
#1 {main}
2014-11-29 16:56:50 Error: [MissingControllerException] Controller class JsController could not be found.
Exception Attributes: array (
  'class' => 'JsController',
  'plugin' => NULL,
)
Request URL: /js/jquery_min.js
Stack Trace:
#0 /Users/quentinvecchio/Desktop/Cocktails/Web/app/webroot/index.php(108): Dispatcher->dispatch(Object(CakeRequest), Object(CakeResponse))
#1 {main}
2014-11-29 16:56:50 Error: [MissingControllerException] Controller class JsController could not be found.
Exception Attributes: array (
  'class' => 'JsController',
  'plugin' => NULL,
)
Request URL: /js/bootstrap.min.js
Stack Trace:
#0 /Users/quentinvecchio/Desktop/Cocktails/Web/app/webroot/index.php(108): Dispatcher->dispatch(Object(CakeRequest), Object(CakeResponse))
#1 {main}
2014-11-29 16:56:51 Error: [MissingControllerException] Controller class CocktailsController could not be found.
Exception Attributes: array (
  'class' => 'CocktailsController',
  'plugin' => NULL,
)
Request URL: /cocktails
Stack Trace:
#0 /Users/quentinvecchio/Desktop/Cocktails/Web/app/webroot/index.php(108): Dispatcher->dispatch(Object(CakeRequest), Object(CakeResponse))
#1 {main}
2014-11-29 16:56:51 Error: [MissingControllerException] Controller class JsController could not be found.
Exception Attributes: array (
  'class' => 'JsController',
  'plugin' => NULL,
)
Request URL: /js/jquery_min.js
Stack Trace:
#0 /Users/quentinvecchio/Desktop/Cocktails/Web/app/webroot/index.php(108): Dispatcher->dispatch(Object(CakeRequest), Object(CakeResponse))
#1 {main}
2014-11-29 16:56:51 Error: [MissingControllerException] Controller class JsController could not be found.
Exception Attributes: array (
  'class' => 'JsController',
  'plugin' => NULL,
)
Request URL: /js/bootstrap.min.js
Stack Trace:
#0 /Users/quentinvecchio/Desktop/Cocktails/Web/app/webroot/index.php(108): Dispatcher->dispatch(Object(CakeRequest), Object(CakeResponse))
#1 {main}
2014-11-29 16:58:27 Error: [MissingControllerException] Controller class JsController could not be found.
Exception Attributes: array (
  'class' => 'JsController',
  'plugin' => NULL,
)
Request URL: /js/bootstrap.min.js
Stack Trace:
#0 /Users/quentinvecchio/Desktop/Cocktails/Web/app/webroot/index.php(108): Dispatcher->dispatch(Object(CakeRequest), Object(CakeResponse))
#1 {main}
2014-11-29 16:58:27 Error: [MissingControllerException] Controller class JsController could not be found.
Exception Attributes: array (
  'class' => 'JsController',
  'plugin' => NULL,
)
Request URL: /js/jquery_min.js
Stack Trace:
#0 /Users/quentinvecchio/Desktop/Cocktails/Web/app/webroot/index.php(108): Dispatcher->dispatch(Object(CakeRequest), Object(CakeResponse))
#1 {main}
2014-11-29 19:10:36 Error: [MissingControllerException] Controller class JsController could not be found.
Exception Attributes: array (
  'class' => 'JsController',
  'plugin' => NULL,
)
Request URL: /js/jquery_min.js
Stack Trace:
#0 /Users/quentinvecchio/Desktop/Cocktails/Web/app/webroot/index.php(108): Dispatcher->dispatch(Object(CakeRequest), Object(CakeResponse))
#1 {main}
2014-11-29 19:10:36 Error: [MissingControllerException] Controller class JsController could not be found.
Exception Attributes: array (
  'class' => 'JsController',
  'plugin' => NULL,
)
Request URL: /js/bootstrap.min.js
Stack Trace:
#0 /Users/quentinvecchio/Desktop/Cocktails/Web/app/webroot/index.php(108): Dispatcher->dispatch(Object(CakeRequest), Object(CakeResponse))
#1 {main}
2014-11-29 19:10:36 Error: [MissingControllerException] Controller class {{Asset('cssController could not be found.
Exception Attributes: array (
  'class' => '{{Asset(\'cssController',
  'plugin' => NULL,
)
Request URL: /{{%20asset('css/logo_final.png')%20}}
Stack Trace:
#0 /Users/quentinvecchio/Desktop/Cocktails/Web/app/webroot/index.php(108): Dispatcher->dispatch(Object(CakeRequest), Object(CakeResponse))
#1 {main}
2014-11-29 19:10:36 Error: [MissingControllerException] Controller class FontsController could not be found.
Exception Attributes: array (
  'class' => 'FontsController',
  'plugin' => NULL,
)
Request URL: /fonts/glyphicons-halflings-regular.woff
Stack Trace:
#0 /Users/quentinvecchio/Desktop/Cocktails/Web/app/webroot/index.php(108): Dispatcher->dispatch(Object(CakeRequest), Object(CakeResponse))
#1 {main}
2014-11-29 19:10:36 Error: [MissingControllerException] Controller class FontsController could not be found.
Exception Attributes: array (
  'class' => 'FontsController',
  'plugin' => NULL,
)
Request URL: /fonts/glyphicons-halflings-regular.ttf
Stack Trace:
#0 /Users/quentinvecchio/Desktop/Cocktails/Web/app/webroot/index.php(108): Dispatcher->dispatch(Object(CakeRequest), Object(CakeResponse))
#1 {main}
2014-11-29 19:10:37 Error: [MissingControllerException] Controller class FontsController could not be found.
Exception Attributes: array (
  'class' => 'FontsController',
  'plugin' => NULL,
)
Request URL: /fonts/glyphicons-halflings-regular.svg
Stack Trace:
#0 /Users/quentinvecchio/Desktop/Cocktails/Web/app/webroot/index.php(108): Dispatcher->dispatch(Object(CakeRequest), Object(CakeResponse))
#1 {main}
2014-11-29 19:42:00 Error: [MissingControllerException] Controller class CocktailsController could not be found.
Exception Attributes: array (
  'class' => 'CocktailsController',
  'plugin' => NULL,
)
Request URL: /cocktails
Stack Trace:
#0 /Users/quentinvecchio/Desktop/Cocktails/Web/app/webroot/index.php(108): Dispatcher->dispatch(Object(CakeRequest), Object(CakeResponse))
#1 {main}
2014-11-29 19:42:00 Error: Fatal Error (4): syntax error, unexpected ')', expecting ',' or ';' in [/Users/quentinvecchio/Desktop/Cocktails/Web/app/View/Elements/menu.ctp, line 18]
2014-11-29 19:42:00 Error: [FatalErrorException] syntax error, unexpected ')', expecting ',' or ';'
Request URL: /cocktails
Stack Trace:
#0 /Users/quentinvecchio/Desktop/Cocktails/Web/lib/Cake/Error/ErrorHandler.php(203): ErrorHandler::handleFatalError(4, 'syntax error, u...', '/Users/quentinv...', 18)
#1 [internal function]: ErrorHandler::handleError(4, 'syntax error, u...', '/Users/quentinv...', 18, Array)
#2 /Users/quentinvecchio/Desktop/Cocktails/Web/lib/Cake/Core/App.php(931): call_user_func('ErrorHandler::h...', 4, 'syntax error, u...', '/Users/quentinv...', 18, Array)
#3 /Users/quentinvecchio/Desktop/Cocktails/Web/lib/Cake/Core/App.php(904): App::_checkFatalError()
#4 [internal function]: App::shutdown()
#5 {main}
2014-11-29 19:42:14 Error: [MissingControllerException] Controller class CocktailsController could not be found.
Exception Attributes: array (
  'class' => 'CocktailsController',
  'plugin' => NULL,
)
Request URL: /cocktails
Stack Trace:
#0 /Users/quentinvecchio/Desktop/Cocktails/Web/app/webroot/index.php(108): Dispatcher->dispatch(Object(CakeRequest), Object(CakeResponse))
#1 {main}
2014-11-29 19:42:14 Error: [MissingControllerException] Controller class JsController could not be found.
Exception Attributes: array (
  'class' => 'JsController',
  'plugin' => NULL,
)
Request URL: /js/jquery_min.js
Stack Trace:
#0 /Users/quentinvecchio/Desktop/Cocktails/Web/app/webroot/index.php(108): Dispatcher->dispatch(Object(CakeRequest), Object(CakeResponse))
#1 {main}
2014-11-29 19:42:14 Error: [MissingControllerException] Controller class {{Asset('cssController could not be found.
Exception Attributes: array (
  'class' => '{{Asset(\'cssController',
  'plugin' => NULL,
)
Request URL: /{{%20asset('css/logo_final.png')%20}}
Stack Trace:
#0 /Users/quentinvecchio/Desktop/Cocktails/Web/app/webroot/index.php(108): Dispatcher->dispatch(Object(CakeRequest), Object(CakeResponse))
#1 {main}
2014-11-29 19:42:14 Error: [MissingControllerException] Controller class JsController could not be found.
Exception Attributes: array (
  'class' => 'JsController',
  'plugin' => NULL,
)
Request URL: /js/bootstrap.min.js
Stack Trace:
#0 /Users/quentinvecchio/Desktop/Cocktails/Web/app/webroot/index.php(108): Dispatcher->dispatch(Object(CakeRequest), Object(CakeResponse))
#1 {main}
